<?xml version="1.0" encoding="UTF-8"?>
<!-- Generated by org.testng.reporters.JUnitReportReporter -->
<testsuite hostname="ITCRATS-LP-59" failures="0" tests="2" name="seleniumexamples.TestNGexample2" time="11.840" errors="0" timestamp="2023-02-09T16:37:52 IST" skipped="0">
  <testcase classname="seleniumexamples.TestNGexample2" name="search" time="7.045"/>
  <system-out/>
  <testcase classname="seleniumexamples.TestNGexample2" name="home" time="4.795"/>
  <system-out/>
</testsuite> <!-- seleniumexamples.TestNGexample2 -->
