<?xml version="1.0" encoding="UTF-8"?>
<!-- Generated by org.testng.reporters.JUnitReportReporter -->
<testsuite hostname="ITCRATS-LP-59" failures="0" tests="2" name="seleniumexamples.TestNGexample3" time="12.761" errors="0" timestamp="2023-02-10T11:59:46 IST" skipped="0">
  <testcase classname="seleniumexamples.TestNGexample3" name="testingmethod" time="3.852"/>
  <system-out/>
  <testcase classname="seleniumexamples.TestNGexample3" name="linkmethodtest" time="8.909"/>
  <system-out/>
</testsuite> <!-- seleniumexamples.TestNGexample3 -->
