<?xml version="1.0" encoding="UTF-8"?>
<!-- Generated by org.testng.reporters.JUnitReportReporter -->
<testsuite hostname="ITCRATS-LP-59" failures="0" tests="2" name="seleniumexamples.TestNGexample1" time="0.016" errors="0" timestamp="2023-02-09T15:53:08 IST" skipped="0">
  <testcase classname="seleniumexamples.TestNGexample1" name="home" time="0.013"/>
  <system-out/>
  <testcase classname="seleniumexamples.TestNGexample1" name="search" time="0.003"/>
  <system-out/>
</testsuite> <!-- seleniumexamples.TestNGexample1 -->
